<?xml version="1.0" encoding="UTF-8"?>
<!-- Generated by org.testng.reporters.JUnitXMLReporter -->
<testsuite ignored="0" hostname="DESKTOP-144QKOB" failures="0" tests="2" name="Default test" time="11.482" errors="0" timestamp="2021-07-07T22:25:47 CEST">
  <testcase classname="io.cucumber.testng.AbstractTestNGCucumberTests" name="runScenario" time="6.503"/>
  <testcase classname="io.cucumber.testng.AbstractTestNGCucumberTests" name="runScenario" time="4.735"/>
</testsuite> <!-- Default test -->
